# JRE version: OpenJDK Runtime Environment (8.0_212-b04) (build 1.8.0_212-release-1586-b04)
# Java VM: OpenJDK 64-Bit Server VM (25.212-b04 mixed mode windows-amd64 compressed oops)
Heap:
 PSYoungGen      total 104448K, used 53916K [0x00000000e0000000, 0x00000000e8380000, 0x0000000100000000)
  eden space 94720K, 46% used [0x00000000e0000000,0x00000000e2b2e1b8,0x00000000e5c80000)
  from space 9728K, 99% used [0x00000000e7a00000,0x00000000e8378f58,0x00000000e8380000)
  to   space 7168K, 0% used [0x00000000e5c80000,0x00000000e5c80000,0x00000000e6380000)
 ParOldGen       total 48640K, used 27789K [0x00000000a0000000, 0x00000000a2f80000, 0x00000000e0000000)
  object space 48640K, 57% used [0x00000000a0000000,0x00000000a1b234b8,0x00000000a2f80000)
 Metaspace       used 55666K, capacity 57344K, committed 57600K, reserved 1099776K
  class space    used 7669K, capacity 8079K, committed 8192K, reserved 1048576K
GC Heap History (10 events):
Event: 37.927 GC heap before
{Heap before GC invocations=14 (full 1):
 PSYoungGen      total 73216K, used 70776K [0x00000000e0000000, 0x00000000e4e80000, 0x0000000100000000)
  eden space 67072K, 100% used [0x00000000e0000000,0x00000000e4180000,0x00000000e4180000)
  from space 6144K, 60% used [0x00000000e4880000,0x00000000e4c1e320,0x00000000e4e80000)
  to   space 6656K, 0% used [0x00000000e4180000,0x00000000e4180000,0x00000000e4800000)
 ParOldGen       total 30720K, used 12967K [0x00000000a0000000, 0x00000000a1e00000, 0x00000000e0000000)
  object space 30720K, 42% used [0x00000000a0000000,0x00000000a0ca9d00,0x00000000a1e00000)
 Metaspace       used 33625K, capacity 34278K, committed 34560K, reserved 1079296K
  class space    used 4597K, capacity 4814K, committed 4864K, reserved 1048576K
Event: 37.949 GC heap after
Heap after GC invocations=14 (full 1):
 PSYoungGen      total 73728K, used 5231K [0x00000000e0000000, 0x00000000e6b80000, 0x0000000100000000)
  eden space 67072K, 0% used [0x00000000e0000000,0x00000000e0000000,0x00000000e4180000)
  from space 6656K, 78% used [0x00000000e4180000,0x00000000e469bfc8,0x00000000e4800000)
  to   space 7168K, 0% used [0x00000000e6480000,0x00000000e6480000,0x00000000e6b80000)
 ParOldGen       total 30720K, used 14483K [0x00000000a0000000, 0x00000000a1e00000, 0x00000000e0000000)
  object space 30720K, 47% used [0x00000000a0000000,0x00000000a0e24ca0,0x00000000a1e00000)
 Metaspace       used 33625K, capacity 34278K, committed 34560K, reserved 1079296K
  class space    used 4597K, capacity 4814K, committed 4864K, reserved 1048576K
}
Event: 40.936 GC heap before
{Heap before GC invocations=15 (full 1):
 PSYoungGen      total 73728K, used 32029K [0x00000000e0000000, 0x00000000e6b80000, 0x0000000100000000)
  eden space 67072K, 39% used [0x00000000e0000000,0x00000000e1a2b640,0x00000000e4180000)
  from space 6656K, 78% used [0x00000000e4180000,0x00000000e469bfc8,0x00000000e4800000)
  to   space 7168K, 0% used [0x00000000e6480000,0x00000000e6480000,0x00000000e6b80000)
 ParOldGen       total 30720K, used 14483K [0x00000000a0000000, 0x00000000a1e00000, 0x00000000e0000000)
  object space 30720K, 47% used [0x00000000a0000000,0x00000000a0e24ca0,0x00000000a1e00000)
 Metaspace       used 34654K, capacity 35412K, committed 35456K, reserved 1079296K
  class space    used 4750K, capacity 4959K, committed 4992K, reserved 1048576K
Event: 40.956 GC heap after
Heap after GC invocations=15 (full 1):
 PSYoungGen      total 100864K, used 2437K [0x00000000e0000000, 0x00000000e6a80000, 0x0000000100000000)
  eden space 94720K, 0% used [0x00000000e0000000,0x00000000e0000000,0x00000000e5c80000)
  from space 6144K, 39% used [0x00000000e6480000,0x00000000e66e14c8,0x00000000e6a80000)
  to   space 7168K, 0% used [0x00000000e5c80000,0x00000000e5c80000,0x00000000e6380000)
 ParOldGen       total 30720K, used 15814K [0x00000000a0000000, 0x00000000a1e00000, 0x00000000e0000000)
  object space 30720K, 51% used [0x00000000a0000000,0x00000000a0f71890,0x00000000a1e00000)
 Metaspace       used 34654K, capacity 35412K, committed 35456K, reserved 1079296K
  class space    used 4750K, capacity 4959K, committed 4992K, reserved 1048576K
}
Event: 40.956 GC heap before
{Heap before GC invocations=16 (full 2):
 PSYoungGen      total 100864K, used 2437K [0x00000000e0000000, 0x00000000e6a80000, 0x0000000100000000)
  eden space 94720K, 0% used [0x00000000e0000000,0x00000000e0000000,0x00000000e5c80000)
  from space 6144K, 39% used [0x00000000e6480000,0x00000000e66e14c8,0x00000000e6a80000)
  to   space 7168K, 0% used [0x00000000e5c80000,0x00000000e5c80000,0x00000000e6380000)
 ParOldGen       total 30720K, used 15814K [0x00000000a0000000, 0x00000000a1e00000, 0x00000000e0000000)
  object space 30720K, 51% used [0x00000000a0000000,0x00000000a0f71890,0x00000000a1e00000)
 Metaspace       used 34654K, capacity 35412K, committed 35456K, reserved 1079296K
  class space    used 4750K, capacity 4959K, committed 4992K, reserved 1048576K
Event: 41.270 GC heap after
Heap after GC invocations=16 (full 2):
 PSYoungGen      total 100864K, used 0K [0x00000000e0000000, 0x00000000e6a80000, 0x0000000100000000)
  eden space 94720K, 0% used [0x00000000e0000000,0x00000000e0000000,0x00000000e5c80000)
  from space 6144K, 0% used [0x00000000e6480000,0x00000000e6480000,0x00000000e6a80000)
  to   space 7168K, 0% used [0x00000000e5c80000,0x00000000e5c80000,0x00000000e6380000)
 ParOldGen       total 48640K, used 15205K [0x00000000a0000000, 0x00000000a2f80000, 0x00000000e0000000)
  object space 48640K, 31% used [0x00000000a0000000,0x00000000a0ed96e0,0x00000000a2f80000)
 Metaspace       used 34652K, capacity 35406K, committed 35456K, reserved 1079296K
  class space    used 4750K, capacity 4958K, committed 4992K, reserved 1048576K
}
Event: 48.470 GC heap before
{Heap before GC invocations=17 (full 2):
 PSYoungGen      total 100864K, used 94720K [0x00000000e0000000, 0x00000000e6a80000, 0x0000000100000000)
  eden space 94720K, 100% used [0x00000000e0000000,0x00000000e5c80000,0x00000000e5c80000)
  from space 6144K, 0% used [0x00000000e6480000,0x00000000e6480000,0x00000000e6a80000)
  to   space 7168K, 0% used [0x00000000e5c80000,0x00000000e5c80000,0x00000000e6380000)
 ParOldGen       total 48640K, used 15205K [0x00000000a0000000, 0x00000000a2f80000, 0x00000000e0000000)
  object space 48640K, 31% used [0x00000000a0000000,0x00000000a0ed96e0,0x00000000a2f80000)
 Metaspace       used 44399K, capacity 45456K, committed 45696K, reserved 1089536K
  class space    used 5988K, capacity 6252K, committed 6272K, reserved 1048576K
Event: 48.500 GC heap after
Heap after GC invocations=17 (full 2):
 PSYoungGen      total 101888K, used 7161K [0x00000000e0000000, 0x00000000e8380000, 0x0000000100000000)
  eden space 94720K, 0% used [0x00000000e0000000,0x00000000e0000000,0x00000000e5c80000)
  from space 7168K, 99% used [0x00000000e5c80000,0x00000000e637e728,0x00000000e6380000)
  to   space 9728K, 0% used [0x00000000e7a00000,0x00000000e7a00000,0x00000000e8380000)
 ParOldGen       total 48640K, used 20648K [0x00000000a0000000, 0x00000000a2f80000, 0x00000000e0000000)
  object space 48640K, 42% used [0x00000000a0000000,0x00000000a142a1f0,0x00000000a2f80000)
 Metaspace       used 44399K, capacity 45456K, committed 45696K, reserved 1089536K
  class space    used 5988K, capacity 6252K, committed 6272K, reserved 1048576K
}
Event: 54.092 GC heap before
{Heap before GC invocations=18 (full 2):
 PSYoungGen      total 101888K, used 101881K [0x00000000e0000000, 0x00000000e8380000, 0x0000000100000000)
  eden space 94720K, 100% used [0x00000000e0000000,0x00000000e5c80000,0x00000000e5c80000)
  from space 7168K, 99% used [0x00000000e5c80000,0x00000000e637e728,0x00000000e6380000)
  to   space 9728K, 0% used [0x00000000e7a00000,0x00000000e7a00000,0x00000000e8380000)
 ParOldGen       total 48640K, used 20648K [0x00000000a0000000, 0x00000000a2f80000, 0x00000000e0000000)
  object space 48640K, 42% used [0x00000000a0000000,0x00000000a142a1f0,0x00000000a2f80000)
 Metaspace       used 52598K, capacity 54166K, committed 54272K, reserved 1095680K
  class space    used 7204K, capacity 7608K, committed 7680K, reserved 1048576K
Event: 54.154 GC heap after
Heap after GC invocations=18 (full 2):
 PSYoungGen      total 104448K, used 9699K [0x00000000e0000000, 0x00000000e8380000, 0x0000000100000000)
  eden space 94720K, 0% used [0x00000000e0000000,0x00000000e0000000,0x00000000e5c80000)
  from space 9728K, 99% used [0x00000000e7a00000,0x00000000e8378f58,0x00000000e8380000)
  to   space 7168K, 0% used [0x00000000e5c80000,0x00000000e5c80000,0x00000000e6380000)
 ParOldGen       total 48640K, used 27789K [0x00000000a0000000, 0x00000000a2f80000, 0x00000000e0000000)
  object space 48640K, 57% used [0x00000000a0000000,0x00000000a1b234b8,0x00000000a2f80000)
 Metaspace       used 52598K, capacity 54166K, committed 54272K, reserved 1095680K
  class space    used 7204K, capacity 7608K, committed 7680K, reserved 1048576K
}

