# JRE version: OpenJDK Runtime Environment (8.0_212-b04) (build 1.8.0_212-release-1586-b04)
# Java VM: OpenJDK 64-Bit Server VM (25.212-b04 mixed mode windows-amd64 compressed oops)
Heap:
 PSYoungGen      total 40448K, used 33171K [0x00000000e0000000, 0x00000000e3280000, 0x0000000100000000)
  eden space 35840K, 79% used [0x00000000e0000000,0x00000000e1beba28,0x00000000e2300000)
  from space 4608K, 99% used [0x00000000e2300000,0x00000000e2779548,0x00000000e2780000)
  to   space 5632K, 0% used [0x00000000e2d00000,0x00000000e2d00000,0x00000000e3280000)
 ParOldGen       total 53248K, used 15034K [0x00000000a0000000, 0x00000000a3400000, 0x00000000e0000000)
  object space 53248K, 28% used [0x00000000a0000000,0x00000000a0eaeac0,0x00000000a3400000)
 Metaspace       used 42572K, capacity 43590K, committed 43776K, reserved 1087488K
  class space    used 5748K, capacity 6021K, committed 6144K, reserved 1048576K
GC Heap History (10 events):
Event: 54.576 GC heap before
{Heap before GC invocations=23 (full 1):
 PSYoungGen      total 27648K, used 24281K [0x00000000e0000000, 0x00000000e2680000, 0x0000000100000000)
  eden space 22528K, 100% used [0x00000000e0000000,0x00000000e1600000,0x00000000e1600000)
  from space 5120K, 34% used [0x00000000e1600000,0x00000000e17b6798,0x00000000e1b00000)
  to   space 5120K, 0% used [0x00000000e2180000,0x00000000e2180000,0x00000000e2680000)
 ParOldGen       total 33792K, used 13560K [0x00000000a0000000, 0x00000000a2100000, 0x00000000e0000000)
  object space 33792K, 40% used [0x00000000a0000000,0x00000000a0d3e1c8,0x00000000a2100000)
 Metaspace       used 33039K, capacity 33644K, committed 34048K, reserved 1079296K
  class space    used 4537K, capacity 4743K, committed 4864K, reserved 1048576K
Event: 54.585 GC heap after
Heap after GC invocations=23 (full 1):
 PSYoungGen      total 32256K, used 1570K [0x00000000e0000000, 0x00000000e2500000, 0x0000000100000000)
  eden space 28672K, 0% used [0x00000000e0000000,0x00000000e0000000,0x00000000e1c00000)
  from space 3584K, 43% used [0x00000000e2180000,0x00000000e23089c0,0x00000000e2500000)
  to   space 4608K, 0% used [0x00000000e1c00000,0x00000000e1c00000,0x00000000e2080000)
 ParOldGen       total 33792K, used 14184K [0x00000000a0000000, 0x00000000a2100000, 0x00000000e0000000)
  object space 33792K, 41% used [0x00000000a0000000,0x00000000a0dda068,0x00000000a2100000)
 Metaspace       used 33039K, capacity 33644K, committed 34048K, reserved 1079296K
  class space    used 4537K, capacity 4743K, committed 4864K, reserved 1048576K
}
Event: 57.604 GC heap before
{Heap before GC invocations=24 (full 1):
 PSYoungGen      total 32256K, used 30242K [0x00000000e0000000, 0x00000000e2500000, 0x0000000100000000)
  eden space 28672K, 100% used [0x00000000e0000000,0x00000000e1c00000,0x00000000e1c00000)
  from space 3584K, 43% used [0x00000000e2180000,0x00000000e23089c0,0x00000000e2500000)
  to   space 4608K, 0% used [0x00000000e1c00000,0x00000000e1c00000,0x00000000e2080000)
 ParOldGen       total 33792K, used 14184K [0x00000000a0000000, 0x00000000a2100000, 0x00000000e0000000)
  object space 33792K, 41% used [0x00000000a0000000,0x00000000a0dda068,0x00000000a2100000)
 Metaspace       used 34396K, capacity 35182K, committed 35456K, reserved 1079296K
  class space    used 4717K, capacity 4922K, committed 4992K, reserved 1048576K
Event: 57.615 GC heap after
Heap after GC invocations=24 (full 1):
 PSYoungGen      total 33280K, used 2024K [0x00000000e0000000, 0x00000000e2c80000, 0x0000000100000000)
  eden space 28672K, 0% used [0x00000000e0000000,0x00000000e0000000,0x00000000e1c00000)
  from space 4608K, 43% used [0x00000000e1c00000,0x00000000e1dfa108,0x00000000e2080000)
  to   space 4608K, 0% used [0x00000000e2800000,0x00000000e2800000,0x00000000e2c80000)
 ParOldGen       total 33792K, used 14432K [0x00000000a0000000, 0x00000000a2100000, 0x00000000e0000000)
  object space 33792K, 42% used [0x00000000a0000000,0x00000000a0e18068,0x00000000a2100000)
 Metaspace       used 34396K, capacity 35182K, committed 35456K, reserved 1079296K
  class space    used 4717K, capacity 4922K, committed 4992K, reserved 1048576K
}
Event: 60.514 GC heap before
{Heap before GC invocations=25 (full 1):
 PSYoungGen      total 33280K, used 11187K [0x00000000e0000000, 0x00000000e2c80000, 0x0000000100000000)
  eden space 28672K, 31% used [0x00000000e0000000,0x00000000e08f2e98,0x00000000e1c00000)
  from space 4608K, 43% used [0x00000000e1c00000,0x00000000e1dfa108,0x00000000e2080000)
  to   space 4608K, 0% used [0x00000000e2800000,0x00000000e2800000,0x00000000e2c80000)
 ParOldGen       total 33792K, used 14432K [0x00000000a0000000, 0x00000000a2100000, 0x00000000e0000000)
  object space 33792K, 42% used [0x00000000a0000000,0x00000000a0e18068,0x00000000a2100000)
 Metaspace       used 34600K, capacity 35366K, committed 35456K, reserved 1079296K
  class space    used 4750K, capacity 4962K, committed 4992K, reserved 1048576K
Event: 60.524 GC heap after
Heap after GC invocations=25 (full 1):
 PSYoungGen      total 39936K, used 1331K [0x00000000e0000000, 0x00000000e2c00000, 0x0000000100000000)
  eden space 35840K, 0% used [0x00000000e0000000,0x00000000e0000000,0x00000000e2300000)
  from space 4096K, 32% used [0x00000000e2800000,0x00000000e294cdf0,0x00000000e2c00000)
  to   space 4608K, 0% used [0x00000000e2300000,0x00000000e2300000,0x00000000e2780000)
 ParOldGen       total 33792K, used 15414K [0x00000000a0000000, 0x00000000a2100000, 0x00000000e0000000)
  object space 33792K, 45% used [0x00000000a0000000,0x00000000a0f0d8e8,0x00000000a2100000)
 Metaspace       used 34600K, capacity 35366K, committed 35456K, reserved 1079296K
  class space    used 4750K, capacity 4962K, committed 4992K, reserved 1048576K
}
Event: 60.524 GC heap before
{Heap before GC invocations=26 (full 2):
 PSYoungGen      total 39936K, used 1331K [0x00000000e0000000, 0x00000000e2c00000, 0x0000000100000000)
  eden space 35840K, 0% used [0x00000000e0000000,0x00000000e0000000,0x00000000e2300000)
  from space 4096K, 32% used [0x00000000e2800000,0x00000000e294cdf0,0x00000000e2c00000)
  to   space 4608K, 0% used [0x00000000e2300000,0x00000000e2300000,0x00000000e2780000)
 ParOldGen       total 33792K, used 15414K [0x00000000a0000000, 0x00000000a2100000, 0x00000000e0000000)
  object space 33792K, 45% used [0x00000000a0000000,0x00000000a0f0d8e8,0x00000000a2100000)
 Metaspace       used 34600K, capacity 35366K, committed 35456K, reserved 1079296K
  class space    used 4750K, capacity 4962K, committed 4992K, reserved 1048576K
Event: 60.948 GC heap after
Heap after GC invocations=26 (full 2):
 PSYoungGen      total 39936K, used 0K [0x00000000e0000000, 0x00000000e2c00000, 0x0000000100000000)
  eden space 35840K, 0% used [0x00000000e0000000,0x00000000e0000000,0x00000000e2300000)
  from space 4096K, 0% used [0x00000000e2800000,0x00000000e2800000,0x00000000e2c00000)
  to   space 4608K, 0% used [0x00000000e2300000,0x00000000e2300000,0x00000000e2780000)
 ParOldGen       total 53248K, used 14727K [0x00000000a0000000, 0x00000000a3400000, 0x00000000e0000000)
  object space 53248K, 27% used [0x00000000a0000000,0x00000000a0e61d60,0x00000000a3400000)
 Metaspace       used 34591K, capacity 35336K, committed 35456K, reserved 1079296K
  class space    used 4747K, capacity 4957K, committed 4992K, reserved 1048576K
}
Event: 66.554 GC heap before
{Heap before GC invocations=27 (full 2):
 PSYoungGen      total 39936K, used 35840K [0x00000000e0000000, 0x00000000e2c00000, 0x0000000100000000)
  eden space 35840K, 100% used [0x00000000e0000000,0x00000000e2300000,0x00000000e2300000)
  from space 4096K, 0% used [0x00000000e2800000,0x00000000e2800000,0x00000000e2c00000)
  to   space 4608K, 0% used [0x00000000e2300000,0x00000000e2300000,0x00000000e2780000)
 ParOldGen       total 53248K, used 14727K [0x00000000a0000000, 0x00000000a3400000, 0x00000000e0000000)
  object space 53248K, 27% used [0x00000000a0000000,0x00000000a0e61d60,0x00000000a3400000)
 Metaspace       used 39389K, capacity 40364K, committed 40576K, reserved 1083392K
  class space    used 5363K, capacity 5664K, committed 5760K, reserved 1048576K
Event: 66.585 GC heap after
Heap after GC invocations=27 (full 2):
 PSYoungGen      total 40448K, used 4581K [0x00000000e0000000, 0x00000000e3280000, 0x0000000100000000)
  eden space 35840K, 0% used [0x00000000e0000000,0x00000000e0000000,0x00000000e2300000)
  from space 4608K, 99% used [0x00000000e2300000,0x00000000e2779548,0x00000000e2780000)
  to   space 5632K, 0% used [0x00000000e2d00000,0x00000000e2d00000,0x00000000e3280000)
 ParOldGen       total 53248K, used 15034K [0x00000000a0000000, 0x00000000a3400000, 0x00000000e0000000)
  object space 53248K, 28% used [0x00000000a0000000,0x00000000a0eaeac0,0x00000000a3400000)
 Metaspace       used 39389K, capacity 40364K, committed 40576K, reserved 1083392K
  class space    used 5363K, capacity 5664K, committed 5760K, reserved 1048576K
}

