# JRE version: OpenJDK Runtime Environment (8.0_212-b04) (build 1.8.0_212-release-1586-b04)
# Java VM: OpenJDK 64-Bit Server VM (25.212-b04 mixed mode windows-amd64 compressed oops)
Heap:
 PSYoungGen      total 130560K, used 121341K [0x00000000e0000000, 0x00000000e9d80000, 0x0000000100000000)
  eden space 113152K, 91% used [0x00000000e0000000,0x00000000e6586430,0x00000000e6e80000)
  from space 17408K, 99% used [0x00000000e8380000,0x00000000e94791f8,0x00000000e9480000)
  to   space 21504K, 0% used [0x00000000e6e80000,0x00000000e6e80000,0x00000000e8380000)
 ParOldGen       total 79360K, used 42361K [0x00000000a0000000, 0x00000000a4d80000, 0x00000000e0000000)
  object space 79360K, 53% used [0x00000000a0000000,0x00000000a295e478,0x00000000a4d80000)
 Metaspace       used 85243K, capacity 88864K, committed 89048K, reserved 1126400K
  class space    used 11407K, capacity 12143K, committed 12248K, reserved 1048576K
GC Heap History (10 events):
Event: 74.600 GC heap before
{Heap before GC invocations=23 (full 3):
 PSYoungGen      total 94208K, used 83456K [0x00000000e0000000, 0x00000000e7980000, 0x0000000100000000)
  eden space 83456K, 100% used [0x00000000e0000000,0x00000000e5180000,0x00000000e5180000)
  from space 10752K, 0% used [0x00000000e5180000,0x00000000e5180000,0x00000000e5c00000)
  to   space 11264K, 0% used [0x00000000e6e80000,0x00000000e6e80000,0x00000000e7980000)
 ParOldGen       total 79360K, used 32733K [0x00000000a0000000, 0x00000000a4d80000, 0x00000000e0000000)
  object space 79360K, 41% used [0x00000000a0000000,0x00000000a1ff7710,0x00000000a4d80000)
 Metaspace       used 59588K, capacity 61574K, committed 61784K, reserved 1101824K
  class space    used 8213K, capacity 8688K, committed 8792K, reserved 1048576K
Event: 74.636 GC heap after
Heap after GC invocations=23 (full 3):
 PSYoungGen      total 107008K, used 11260K [0x00000000e0000000, 0x00000000e7980000, 0x0000000100000000)
  eden space 95744K, 0% used [0x00000000e0000000,0x00000000e0000000,0x00000000e5d80000)
  from space 11264K, 99% used [0x00000000e6e80000,0x00000000e797f218,0x00000000e7980000)
  to   space 13312K, 0% used [0x00000000e5f80000,0x00000000e5f80000,0x00000000e6c80000)
 ParOldGen       total 79360K, used 33243K [0x00000000a0000000, 0x00000000a4d80000, 0x00000000e0000000)
  object space 79360K, 41% used [0x00000000a0000000,0x00000000a2076d00,0x00000000a4d80000)
 Metaspace       used 59588K, capacity 61574K, committed 61784K, reserved 1101824K
  class space    used 8213K, capacity 8688K, committed 8792K, reserved 1048576K
}
Event: 118.703 GC heap before
{Heap before GC invocations=24 (full 3):
 PSYoungGen      total 107008K, used 107004K [0x00000000e0000000, 0x00000000e7980000, 0x0000000100000000)
  eden space 95744K, 100% used [0x00000000e0000000,0x00000000e5d80000,0x00000000e5d80000)
  from space 11264K, 99% used [0x00000000e6e80000,0x00000000e797f218,0x00000000e7980000)
  to   space 13312K, 0% used [0x00000000e5f80000,0x00000000e5f80000,0x00000000e6c80000)
 ParOldGen       total 79360K, used 33243K [0x00000000a0000000, 0x00000000a4d80000, 0x00000000e0000000)
  object space 79360K, 41% used [0x00000000a0000000,0x00000000a2076d00,0x00000000a4d80000)
 Metaspace       used 66598K, capacity 68870K, committed 69080K, reserved 1110016K
  class space    used 8918K, capacity 9420K, committed 9432K, reserved 1048576K
Event: 118.781 GC heap after
Heap after GC invocations=24 (full 3):
 PSYoungGen      total 111104K, used 9861K [0x00000000e0000000, 0x00000000e8480000, 0x0000000100000000)
  eden space 97792K, 0% used [0x00000000e0000000,0x00000000e0000000,0x00000000e5f80000)
  from space 13312K, 74% used [0x00000000e5f80000,0x00000000e6921788,0x00000000e6c80000)
  to   space 13824K, 0% used [0x00000000e7700000,0x00000000e7700000,0x00000000e8480000)
 ParOldGen       total 79360K, used 37467K [0x00000000a0000000, 0x00000000a4d80000, 0x00000000e0000000)
  object space 79360K, 47% used [0x00000000a0000000,0x00000000a2496f98,0x00000000a4d80000)
 Metaspace       used 66598K, capacity 68870K, committed 69080K, reserved 1110016K
  class space    used 8918K, capacity 9420K, committed 9432K, reserved 1048576K
}
Event: 127.408 GC heap before
{Heap before GC invocations=25 (full 3):
 PSYoungGen      total 111104K, used 107653K [0x00000000e0000000, 0x00000000e8480000, 0x0000000100000000)
  eden space 97792K, 100% used [0x00000000e0000000,0x00000000e5f80000,0x00000000e5f80000)
  from space 13312K, 74% used [0x00000000e5f80000,0x00000000e6921788,0x00000000e6c80000)
  to   space 13824K, 0% used [0x00000000e7700000,0x00000000e7700000,0x00000000e8480000)
 ParOldGen       total 79360K, used 37467K [0x00000000a0000000, 0x00000000a4d80000, 0x00000000e0000000)
  object space 79360K, 47% used [0x00000000a0000000,0x00000000a2496f98,0x00000000a4d80000)
 Metaspace       used 68191K, capacity 70482K, committed 70744K, reserved 1110016K
  class space    used 8993K, capacity 9468K, committed 9560K, reserved 1048576K
Event: 127.441 GC heap after
Heap after GC invocations=25 (full 3):
 PSYoungGen      total 120832K, used 11160K [0x00000000e0000000, 0x00000000e8800000, 0x0000000100000000)
  eden space 107008K, 0% used [0x00000000e0000000,0x00000000e0000000,0x00000000e6880000)
  from space 13824K, 80% used [0x00000000e7700000,0x00000000e81e6198,0x00000000e8480000)
  to   space 14848K, 0% used [0x00000000e6880000,0x00000000e6880000,0x00000000e7700000)
 ParOldGen       total 79360K, used 37475K [0x00000000a0000000, 0x00000000a4d80000, 0x00000000e0000000)
  object space 79360K, 47% used [0x00000000a0000000,0x00000000a2498f98,0x00000000a4d80000)
 Metaspace       used 68191K, capacity 70482K, committed 70744K, reserved 1110016K
  class space    used 8993K, capacity 9468K, committed 9560K, reserved 1048576K
}
Event: 200.687 GC heap before
{Heap before GC invocations=26 (full 3):
 PSYoungGen      total 120832K, used 118168K [0x00000000e0000000, 0x00000000e8800000, 0x0000000100000000)
  eden space 107008K, 100% used [0x00000000e0000000,0x00000000e6880000,0x00000000e6880000)
  from space 13824K, 80% used [0x00000000e7700000,0x00000000e81e6198,0x00000000e8480000)
  to   space 14848K, 0% used [0x00000000e6880000,0x00000000e6880000,0x00000000e7700000)
 ParOldGen       total 79360K, used 37475K [0x00000000a0000000, 0x00000000a4d80000, 0x00000000e0000000)
  object space 79360K, 47% used [0x00000000a0000000,0x00000000a2498f98,0x00000000a4d80000)
 Metaspace       used 71776K, capacity 74384K, committed 74712K, reserved 1114112K
  class space    used 9535K, capacity 10105K, committed 10200K, reserved 1048576K
Event: 200.731 GC heap after
Heap after GC invocations=26 (full 3):
 PSYoungGen      total 121856K, used 14836K [0x00000000e0000000, 0x00000000e9480000, 0x0000000100000000)
  eden space 107008K, 0% used [0x00000000e0000000,0x00000000e0000000,0x00000000e6880000)
  from space 14848K, 99% used [0x00000000e6880000,0x00000000e76fd3a8,0x00000000e7700000)
  to   space 17408K, 0% used [0x00000000e8380000,0x00000000e8380000,0x00000000e9480000)
 ParOldGen       total 79360K, used 37483K [0x00000000a0000000, 0x00000000a4d80000, 0x00000000e0000000)
  object space 79360K, 47% used [0x00000000a0000000,0x00000000a249af98,0x00000000a4d80000)
 Metaspace       used 71776K, capacity 74384K, committed 74712K, reserved 1114112K
  class space    used 9535K, capacity 10105K, committed 10200K, reserved 1048576K
}
Event: 210.307 GC heap before
{Heap before GC invocations=27 (full 3):
 PSYoungGen      total 121856K, used 121844K [0x00000000e0000000, 0x00000000e9480000, 0x0000000100000000)
  eden space 107008K, 100% used [0x00000000e0000000,0x00000000e6880000,0x00000000e6880000)
  from space 14848K, 99% used [0x00000000e6880000,0x00000000e76fd3a8,0x00000000e7700000)
  to   space 17408K, 0% used [0x00000000e8380000,0x00000000e8380000,0x00000000e9480000)
 ParOldGen       total 79360K, used 37483K [0x00000000a0000000, 0x00000000a4d80000, 0x00000000e0000000)
  object space 79360K, 47% used [0x00000000a0000000,0x00000000a249af98,0x00000000a4d80000)
 Metaspace       used 82579K, capacity 85552K, committed 85720K, reserved 1124352K
  class space    used 11056K, capacity 11683K, committed 11736K, reserved 1048576K
Event: 210.375 GC heap after
Heap after GC invocations=27 (full 3):
 PSYoungGen      total 130560K, used 17380K [0x00000000e0000000, 0x00000000e9d80000, 0x0000000100000000)
  eden space 113152K, 0% used [0x00000000e0000000,0x00000000e0000000,0x00000000e6e80000)
  from space 17408K, 99% used [0x00000000e8380000,0x00000000e94791f8,0x00000000e9480000)
  to   space 21504K, 0% used [0x00000000e6e80000,0x00000000e6e80000,0x00000000e8380000)
 ParOldGen       total 79360K, used 42361K [0x00000000a0000000, 0x00000000a4d80000, 0x00000000e0000000)
  object space 79360K, 53% used [0x00000000a0000000,0x00000000a295e478,0x00000000a4d80000)
 Metaspace       used 82579K, capacity 85552K, committed 85720K, reserved 1124352K
  class space    used 11056K, capacity 11683K, committed 11736K, reserved 1048576K
}

