# JRE version: OpenJDK Runtime Environment (8.0_212-b04) (build 1.8.0_212-release-1586-b04)
# Java VM: OpenJDK 64-Bit Server VM (25.212-b04 mixed mode windows-amd64 compressed oops)
Heap:
 PSYoungGen      total 122880K, used 74593K [0x00000000e0000000, 0x00000000e8f80000, 0x0000000100000000)
  eden space 113152K, 57% used [0x00000000e0000000,0x00000000e3f59a28,0x00000000e6e80000)
  from space 9728K, 99% used [0x00000000e7c00000,0x00000000e857e9f8,0x00000000e8580000)
  to   space 13824K, 0% used [0x00000000e6e80000,0x00000000e6e80000,0x00000000e7c00000)
 ParOldGen       total 49152K, used 29707K [0x00000000a0000000, 0x00000000a3000000, 0x00000000e0000000)
  object space 49152K, 60% used [0x00000000a0000000,0x00000000a1d02cc8,0x00000000a3000000)
 Metaspace       used 56893K, capacity 58740K, committed 58880K, reserved 1099776K
  class space    used 7869K, capacity 8325K, committed 8448K, reserved 1048576K
GC Heap History (10 events):
Event: 36.065 GC heap before
{Heap before GC invocations=14 (full 1):
 PSYoungGen      total 72704K, used 69630K [0x00000000e0000000, 0x00000000e4e00000, 0x0000000100000000)
  eden space 66048K, 100% used [0x00000000e0000000,0x00000000e4080000,0x00000000e4080000)
  from space 6656K, 53% used [0x00000000e4700000,0x00000000e4a7f9a8,0x00000000e4d80000)
  to   space 6656K, 0% used [0x00000000e4080000,0x00000000e4080000,0x00000000e4700000)
 ParOldGen       total 30720K, used 12226K [0x00000000a0000000, 0x00000000a1e00000, 0x00000000e0000000)
  object space 30720K, 39% used [0x00000000a0000000,0x00000000a0bf08c8,0x00000000a1e00000)
 Metaspace       used 33185K, capacity 33736K, committed 33920K, reserved 1079296K
  class space    used 4544K, capacity 4723K, committed 4736K, reserved 1048576K
Event: 36.087 GC heap after
Heap after GC invocations=14 (full 1):
 PSYoungGen      total 72704K, used 4843K [0x00000000e0000000, 0x00000000e6a80000, 0x0000000100000000)
  eden space 66048K, 0% used [0x00000000e0000000,0x00000000e0000000,0x00000000e4080000)
  from space 6656K, 72% used [0x00000000e4080000,0x00000000e453ac18,0x00000000e4700000)
  to   space 6656K, 0% used [0x00000000e6400000,0x00000000e6400000,0x00000000e6a80000)
 ParOldGen       total 30720K, used 13686K [0x00000000a0000000, 0x00000000a1e00000, 0x00000000e0000000)
  object space 30720K, 44% used [0x00000000a0000000,0x00000000a0d5d8d8,0x00000000a1e00000)
 Metaspace       used 33185K, capacity 33736K, committed 33920K, reserved 1079296K
  class space    used 4544K, capacity 4723K, committed 4736K, reserved 1048576K
}
Event: 41.142 GC heap before
{Heap before GC invocations=15 (full 1):
 PSYoungGen      total 72704K, used 42730K [0x00000000e0000000, 0x00000000e6a80000, 0x0000000100000000)
  eden space 66048K, 57% used [0x00000000e0000000,0x00000000e24ffd78,0x00000000e4080000)
  from space 6656K, 72% used [0x00000000e4080000,0x00000000e453ac18,0x00000000e4700000)
  to   space 6656K, 0% used [0x00000000e6400000,0x00000000e6400000,0x00000000e6a80000)
 ParOldGen       total 30720K, used 13686K [0x00000000a0000000, 0x00000000a1e00000, 0x00000000e0000000)
  object space 30720K, 44% used [0x00000000a0000000,0x00000000a0d5d8d8,0x00000000a1e00000)
 Metaspace       used 34701K, capacity 35408K, committed 35456K, reserved 1079296K
  class space    used 4767K, capacity 4960K, committed 4992K, reserved 1048576K
Event: 41.175 GC heap after
Heap after GC invocations=15 (full 1):
 PSYoungGen      total 100352K, used 3680K [0x00000000e0000000, 0x00000000e6980000, 0x0000000100000000)
  eden space 94720K, 0% used [0x00000000e0000000,0x00000000e0000000,0x00000000e5c80000)
  from space 5632K, 65% used [0x00000000e6400000,0x00000000e6798190,0x00000000e6980000)
  to   space 6656K, 0% used [0x00000000e5c80000,0x00000000e5c80000,0x00000000e6300000)
 ParOldGen       total 30720K, used 14873K [0x00000000a0000000, 0x00000000a1e00000, 0x00000000e0000000)
  object space 30720K, 48% used [0x00000000a0000000,0x00000000a0e864c8,0x00000000a1e00000)
 Metaspace       used 34701K, capacity 35408K, committed 35456K, reserved 1079296K
  class space    used 4767K, capacity 4960K, committed 4992K, reserved 1048576K
}
Event: 41.175 GC heap before
{Heap before GC invocations=16 (full 2):
 PSYoungGen      total 100352K, used 3680K [0x00000000e0000000, 0x00000000e6980000, 0x0000000100000000)
  eden space 94720K, 0% used [0x00000000e0000000,0x00000000e0000000,0x00000000e5c80000)
  from space 5632K, 65% used [0x00000000e6400000,0x00000000e6798190,0x00000000e6980000)
  to   space 6656K, 0% used [0x00000000e5c80000,0x00000000e5c80000,0x00000000e6300000)
 ParOldGen       total 30720K, used 14873K [0x00000000a0000000, 0x00000000a1e00000, 0x00000000e0000000)
  object space 30720K, 48% used [0x00000000a0000000,0x00000000a0e864c8,0x00000000a1e00000)
 Metaspace       used 34701K, capacity 35408K, committed 35456K, reserved 1079296K
  class space    used 4767K, capacity 4960K, committed 4992K, reserved 1048576K
Event: 41.479 GC heap after
Heap after GC invocations=16 (full 2):
 PSYoungGen      total 100352K, used 0K [0x00000000e0000000, 0x00000000e6980000, 0x0000000100000000)
  eden space 94720K, 0% used [0x00000000e0000000,0x00000000e0000000,0x00000000e5c80000)
  from space 5632K, 0% used [0x00000000e6400000,0x00000000e6400000,0x00000000e6980000)
  to   space 6656K, 0% used [0x00000000e5c80000,0x00000000e5c80000,0x00000000e6300000)
 ParOldGen       total 49152K, used 15923K [0x00000000a0000000, 0x00000000a3000000, 0x00000000e0000000)
  object space 49152K, 32% used [0x00000000a0000000,0x00000000a0f8cd38,0x00000000a3000000)
 Metaspace       used 34692K, capacity 35378K, committed 35456K, reserved 1079296K
  class space    used 4765K, capacity 4955K, committed 4992K, reserved 1048576K
}
Event: 47.125 GC heap before
{Heap before GC invocations=17 (full 2):
 PSYoungGen      total 100352K, used 94720K [0x00000000e0000000, 0x00000000e6980000, 0x0000000100000000)
  eden space 94720K, 100% used [0x00000000e0000000,0x00000000e5c80000,0x00000000e5c80000)
  from space 5632K, 0% used [0x00000000e6400000,0x00000000e6400000,0x00000000e6980000)
  to   space 6656K, 0% used [0x00000000e5c80000,0x00000000e5c80000,0x00000000e6300000)
 ParOldGen       total 49152K, used 15923K [0x00000000a0000000, 0x00000000a3000000, 0x00000000e0000000)
  object space 49152K, 32% used [0x00000000a0000000,0x00000000a0f8cd38,0x00000000a3000000)
 Metaspace       used 44611K, capacity 45554K, committed 45696K, reserved 1089536K
  class space    used 5987K, capacity 6259K, committed 6272K, reserved 1048576K
Event: 47.156 GC heap after
Heap after GC invocations=17 (full 2):
 PSYoungGen      total 101376K, used 6653K [0x00000000e0000000, 0x00000000e8580000, 0x0000000100000000)
  eden space 94720K, 0% used [0x00000000e0000000,0x00000000e0000000,0x00000000e5c80000)
  from space 6656K, 99% used [0x00000000e5c80000,0x00000000e62ff720,0x00000000e6300000)
  to   space 9728K, 0% used [0x00000000e7c00000,0x00000000e7c00000,0x00000000e8580000)
 ParOldGen       total 49152K, used 22876K [0x00000000a0000000, 0x00000000a3000000, 0x00000000e0000000)
  object space 49152K, 46% used [0x00000000a0000000,0x00000000a1657010,0x00000000a3000000)
 Metaspace       used 44611K, capacity 45554K, committed 45696K, reserved 1089536K
  class space    used 5987K, capacity 6259K, committed 6272K, reserved 1048576K
}
Event: 53.243 GC heap before
{Heap before GC invocations=18 (full 2):
 PSYoungGen      total 101376K, used 101373K [0x00000000e0000000, 0x00000000e8580000, 0x0000000100000000)
  eden space 94720K, 100% used [0x00000000e0000000,0x00000000e5c80000,0x00000000e5c80000)
  from space 6656K, 99% used [0x00000000e5c80000,0x00000000e62ff720,0x00000000e6300000)
  to   space 9728K, 0% used [0x00000000e7c00000,0x00000000e7c00000,0x00000000e8580000)
 ParOldGen       total 49152K, used 22876K [0x00000000a0000000, 0x00000000a3000000, 0x00000000e0000000)
  object space 49152K, 46% used [0x00000000a0000000,0x00000000a1657010,0x00000000a3000000)
 Metaspace       used 52796K, capacity 54282K, committed 54528K, reserved 1095680K
  class space    used 7231K, capacity 7588K, committed 7680K, reserved 1048576K
Event: 53.329 GC heap after
Heap after GC invocations=18 (full 2):
 PSYoungGen      total 122880K, used 9722K [0x00000000e0000000, 0x00000000e8f80000, 0x0000000100000000)
  eden space 113152K, 0% used [0x00000000e0000000,0x00000000e0000000,0x00000000e6e80000)
  from space 9728K, 99% used [0x00000000e7c00000,0x00000000e857e9f8,0x00000000e8580000)
  to   space 13824K, 0% used [0x00000000e6e80000,0x00000000e6e80000,0x00000000e7c00000)
 ParOldGen       total 49152K, used 29707K [0x00000000a0000000, 0x00000000a3000000, 0x00000000e0000000)
  object space 49152K, 60% used [0x00000000a0000000,0x00000000a1d02cc8,0x00000000a3000000)
 Metaspace       used 52796K, capacity 54282K, committed 54528K, reserved 1095680K
  class space    used 7231K, capacity 7588K, committed 7680K, reserved 1048576K
}

