# JRE version: OpenJDK Runtime Environment (8.0_212-b04) (build 1.8.0_212-release-1586-b04)
# Java VM: OpenJDK 64-Bit Server VM (25.212-b04 mixed mode windows-amd64 compressed oops)
Heap:
 PSYoungGen      total 143872K, used 86093K [0x00000000e0000000, 0x00000000ea080000, 0x0000000100000000)
  eden space 133120K, 56% used [0x00000000e0000000,0x00000000e49aa558,0x00000000e8200000)
  from space 10752K, 99% used [0x00000000e9600000,0x00000000ea068ec8,0x00000000ea080000)
  to   space 14848K, 0% used [0x00000000e8380000,0x00000000e8380000,0x00000000e9200000)
 ParOldGen       total 79872K, used 33335K [0x00000000a0000000, 0x00000000a4e00000, 0x00000000e0000000)
  object space 79872K, 41% used [0x00000000a0000000,0x00000000a208ddf8,0x00000000a4e00000)
 Metaspace       used 72387K, capacity 75194K, committed 75480K, reserved 1114112K
  class space    used 10035K, capacity 10642K, committed 10712K, reserved 1048576K
GC Heap History (10 events):
Event: 57.634 GC heap before
{Heap before GC invocations=17 (full 2):
 PSYoungGen      total 95744K, used 90112K [0x00000000e0000000, 0x00000000e6500000, 0x0000000100000000)
  eden space 90112K, 100% used [0x00000000e0000000,0x00000000e5800000,0x00000000e5800000)
  from space 5632K, 0% used [0x00000000e5f80000,0x00000000e5f80000,0x00000000e6500000)
  to   space 6656K, 0% used [0x00000000e5800000,0x00000000e5800000,0x00000000e5e80000)
 ParOldGen       total 47104K, used 15429K [0x00000000a0000000, 0x00000000a2e00000, 0x00000000e0000000)
  object space 47104K, 32% used [0x00000000a0000000,0x00000000a0f11708,0x00000000a2e00000)
 Metaspace       used 43726K, capacity 44816K, committed 45184K, reserved 1087488K
  class space    used 5899K, capacity 6188K, committed 6272K, reserved 1048576K
Event: 57.813 GC heap after
Heap after GC invocations=17 (full 2):
 PSYoungGen      total 96768K, used 6626K [0x00000000e0000000, 0x00000000e8780000, 0x0000000100000000)
  eden space 90112K, 0% used [0x00000000e0000000,0x00000000e0000000,0x00000000e5800000)
  from space 6656K, 99% used [0x00000000e5800000,0x00000000e5e78978,0x00000000e5e80000)
  to   space 9216K, 0% used [0x00000000e7e80000,0x00000000e7e80000,0x00000000e8780000)
 ParOldGen       total 47104K, used 20281K [0x00000000a0000000, 0x00000000a2e00000, 0x00000000e0000000)
  object space 47104K, 43% used [0x00000000a0000000,0x00000000a13ce750,0x00000000a2e00000)
 Metaspace       used 43726K, capacity 44816K, committed 45184K, reserved 1087488K
  class space    used 5899K, capacity 6188K, committed 6272K, reserved 1048576K
}
Event: 68.556 GC heap before
{Heap before GC invocations=18 (full 2):
 PSYoungGen      total 96768K, used 96738K [0x00000000e0000000, 0x00000000e8780000, 0x0000000100000000)
  eden space 90112K, 100% used [0x00000000e0000000,0x00000000e5800000,0x00000000e5800000)
  from space 6656K, 99% used [0x00000000e5800000,0x00000000e5e78978,0x00000000e5e80000)
  to   space 9216K, 0% used [0x00000000e7e80000,0x00000000e7e80000,0x00000000e8780000)
 ParOldGen       total 47104K, used 20281K [0x00000000a0000000, 0x00000000a2e00000, 0x00000000e0000000)
  object space 47104K, 43% used [0x00000000a0000000,0x00000000a13ce750,0x00000000a2e00000)
 Metaspace       used 51900K, capacity 53524K, committed 53632K, reserved 1095680K
  class space    used 7091K, capacity 7479K, committed 7552K, reserved 1048576K
Event: 68.618 GC heap after
Heap after GC invocations=18 (full 2):
 PSYoungGen      total 125440K, used 9186K [0x00000000e0000000, 0x00000000e8d80000, 0x0000000100000000)
  eden space 116224K, 0% used [0x00000000e0000000,0x00000000e0000000,0x00000000e7180000)
  from space 9216K, 99% used [0x00000000e7e80000,0x00000000e8778838,0x00000000e8780000)
  to   space 13312K, 0% used [0x00000000e7180000,0x00000000e7180000,0x00000000e7e80000)
 ParOldGen       total 47104K, used 28091K [0x00000000a0000000, 0x00000000a2e00000, 0x00000000e0000000)
  object space 47104K, 59% used [0x00000000a0000000,0x00000000a1b6ef78,0x00000000a2e00000)
 Metaspace       used 51900K, capacity 53524K, committed 53632K, reserved 1095680K
  class space    used 7091K, capacity 7479K, committed 7552K, reserved 1048576K
}
Event: 78.329 GC heap before
{Heap before GC invocations=19 (full 2):
 PSYoungGen      total 125440K, used 89764K [0x00000000e0000000, 0x00000000e8d80000, 0x0000000100000000)
  eden space 116224K, 69% used [0x00000000e0000000,0x00000000e4eb0b90,0x00000000e7180000)
  from space 9216K, 99% used [0x00000000e7e80000,0x00000000e8778838,0x00000000e8780000)
  to   space 13312K, 0% used [0x00000000e7180000,0x00000000e7180000,0x00000000e7e80000)
 ParOldGen       total 47104K, used 28091K [0x00000000a0000000, 0x00000000a2e00000, 0x00000000e0000000)
  object space 47104K, 59% used [0x00000000a0000000,0x00000000a1b6ef78,0x00000000a2e00000)
 Metaspace       used 57197K, capacity 59040K, committed 59096K, reserved 1099776K
  class space    used 7912K, capacity 8375K, committed 8408K, reserved 1048576K
Event: 78.406 GC heap after
Heap after GC invocations=19 (full 2):
 PSYoungGen      total 129536K, used 8883K [0x00000000e0000000, 0x00000000ea380000, 0x0000000100000000)
  eden space 116224K, 0% used [0x00000000e0000000,0x00000000e0000000,0x00000000e7180000)
  from space 13312K, 66% used [0x00000000e7180000,0x00000000e7a2cc18,0x00000000e7e80000)
  to   space 13824K, 0% used [0x00000000e9600000,0x00000000e9600000,0x00000000ea380000)
 ParOldGen       total 47104K, used 33373K [0x00000000a0000000, 0x00000000a2e00000, 0x00000000e0000000)
  object space 47104K, 70% used [0x00000000a0000000,0x00000000a20977a8,0x00000000a2e00000)
 Metaspace       used 57197K, capacity 59040K, committed 59096K, reserved 1099776K
  class space    used 7912K, capacity 8375K, committed 8408K, reserved 1048576K
}
Event: 78.407 GC heap before
{Heap before GC invocations=20 (full 3):
 PSYoungGen      total 129536K, used 8883K [0x00000000e0000000, 0x00000000ea380000, 0x0000000100000000)
  eden space 116224K, 0% used [0x00000000e0000000,0x00000000e0000000,0x00000000e7180000)
  from space 13312K, 66% used [0x00000000e7180000,0x00000000e7a2cc18,0x00000000e7e80000)
  to   space 13824K, 0% used [0x00000000e9600000,0x00000000e9600000,0x00000000ea380000)
 ParOldGen       total 47104K, used 33373K [0x00000000a0000000, 0x00000000a2e00000, 0x00000000e0000000)
  object space 47104K, 70% used [0x00000000a0000000,0x00000000a20977a8,0x00000000a2e00000)
 Metaspace       used 57197K, capacity 59040K, committed 59096K, reserved 1099776K
  class space    used 7912K, capacity 8375K, committed 8408K, reserved 1048576K
Event: 79.206 GC heap after
Heap after GC invocations=20 (full 3):
 PSYoungGen      total 129536K, used 0K [0x00000000e0000000, 0x00000000ea380000, 0x0000000100000000)
  eden space 116224K, 0% used [0x00000000e0000000,0x00000000e0000000,0x00000000e7180000)
  from space 13312K, 0% used [0x00000000e7180000,0x00000000e7180000,0x00000000e7e80000)
  to   space 13824K, 0% used [0x00000000e9600000,0x00000000e9600000,0x00000000ea380000)
 ParOldGen       total 79872K, used 33327K [0x00000000a0000000, 0x00000000a4e00000, 0x00000000e0000000)
  object space 79872K, 41% used [0x00000000a0000000,0x00000000a208bdf8,0x00000000a4e00000)
 Metaspace       used 57150K, capacity 58914K, committed 59096K, reserved 1099776K
  class space    used 7897K, capacity 8348K, committed 8408K, reserved 1048576K
}
Event: 89.004 GC heap before
{Heap before GC invocations=21 (full 3):
 PSYoungGen      total 129536K, used 116224K [0x00000000e0000000, 0x00000000ea380000, 0x0000000100000000)
  eden space 116224K, 100% used [0x00000000e0000000,0x00000000e7180000,0x00000000e7180000)
  from space 13312K, 0% used [0x00000000e7180000,0x00000000e7180000,0x00000000e7e80000)
  to   space 13824K, 0% used [0x00000000e9600000,0x00000000e9600000,0x00000000ea380000)
 ParOldGen       total 79872K, used 33327K [0x00000000a0000000, 0x00000000a4e00000, 0x00000000e0000000)
  object space 79872K, 41% used [0x00000000a0000000,0x00000000a208bdf8,0x00000000a4e00000)
 Metaspace       used 63800K, capacity 65930K, committed 66136K, reserved 1105920K
  class space    used 8712K, capacity 9198K, committed 9304K, reserved 1048576K
Event: 89.059 GC heap after
Heap after GC invocations=21 (full 3):
 PSYoungGen      total 143872K, used 10659K [0x00000000e0000000, 0x00000000ea080000, 0x0000000100000000)
  eden space 133120K, 0% used [0x00000000e0000000,0x00000000e0000000,0x00000000e8200000)
  from space 10752K, 99% used [0x00000000e9600000,0x00000000ea068ec8,0x00000000ea080000)
  to   space 14848K, 0% used [0x00000000e8380000,0x00000000e8380000,0x00000000e9200000)
 ParOldGen       total 79872K, used 33335K [0x00000000a0000000, 0x00000000a4e00000, 0x00000000e0000000)
  object space 79872K, 41% used [0x00000000a0000000,0x00000000a208ddf8,0x00000000a4e00000)
 Metaspace       used 63800K, capacity 65930K, committed 66136K, reserved 1105920K
  class space    used 8712K, capacity 9198K, committed 9304K, reserved 1048576K
}

