# JRE version: OpenJDK Runtime Environment (8.0_212-b04) (build 1.8.0_212-release-1586-b04)
# Java VM: OpenJDK 64-Bit Server VM (25.212-b04 mixed mode windows-amd64 compressed oops)
Heap:
 PSYoungGen      total 162304K, used 121031K [0x00000000e0000000, 0x00000000ec380000, 0x0000000100000000)
  eden space 145920K, 82% used [0x00000000e0000000,0x00000000e7631d38,0x00000000e8e80000)
  from space 16384K, 0% used [0x00000000eb380000,0x00000000eb380000,0x00000000ec380000)
  to   space 10752K, 0% used [0x00000000e8e80000,0x00000000e8e80000,0x00000000e9900000)
 ParOldGen       total 41984K, used 30536K [0x00000000a0000000, 0x00000000a2900000, 0x00000000e0000000)
  object space 41984K, 72% used [0x00000000a0000000,0x00000000a1dd2028,0x00000000a2900000)
 Metaspace       used 63509K, capacity 65590K, committed 65816K, reserved 1110016K
  class space    used 8722K, capacity 9208K, committed 9240K, reserved 1048576K
GC Heap History (10 events):
Event: 38.626 GC heap before
{Heap before GC invocations=17 (full 2):
 PSYoungGen      total 106496K, used 480K [0x00000000e0000000, 0x00000000ea380000, 0x0000000100000000)
  eden space 99328K, 0% used [0x00000000e0000000,0x00000000e0000000,0x00000000e6100000)
  from space 7168K, 6% used [0x00000000e6100000,0x00000000e6178000,0x00000000e6800000)
  to   space 7168K, 0% used [0x00000000e9c80000,0x00000000e9c80000,0x00000000ea380000)
 ParOldGen       total 29696K, used 17775K [0x00000000a0000000, 0x00000000a1d00000, 0x00000000e0000000)
  object space 29696K, 59% used [0x00000000a0000000,0x00000000a115bc60,0x00000000a1d00000)
 Metaspace       used 34655K, capacity 35452K, committed 35496K, reserved 1079296K
  class space    used 4762K, capacity 4993K, committed 5032K, reserved 1048576K
Event: 38.921 GC heap after
Heap after GC invocations=17 (full 2):
 PSYoungGen      total 106496K, used 0K [0x00000000e0000000, 0x00000000ea380000, 0x0000000100000000)
  eden space 99328K, 0% used [0x00000000e0000000,0x00000000e0000000,0x00000000e6100000)
  from space 7168K, 0% used [0x00000000e6100000,0x00000000e6100000,0x00000000e6800000)
  to   space 7168K, 0% used [0x00000000e9c80000,0x00000000e9c80000,0x00000000ea380000)
 ParOldGen       total 41984K, used 14579K [0x00000000a0000000, 0x00000000a2900000, 0x00000000e0000000)
  object space 41984K, 34% used [0x00000000a0000000,0x00000000a0e3cc70,0x00000000a2900000)
 Metaspace       used 34650K, capacity 35434K, committed 35496K, reserved 1079296K
  class space    used 4760K, capacity 4990K, committed 5032K, reserved 1048576K
}
Event: 43.070 GC heap before
{Heap before GC invocations=18 (full 2):
 PSYoungGen      total 106496K, used 99328K [0x00000000e0000000, 0x00000000ea380000, 0x0000000100000000)
  eden space 99328K, 100% used [0x00000000e0000000,0x00000000e6100000,0x00000000e6100000)
  from space 7168K, 0% used [0x00000000e6100000,0x00000000e6100000,0x00000000e6800000)
  to   space 7168K, 0% used [0x00000000e9c80000,0x00000000e9c80000,0x00000000ea380000)
 ParOldGen       total 41984K, used 14579K [0x00000000a0000000, 0x00000000a2900000, 0x00000000e0000000)
  object space 41984K, 34% used [0x00000000a0000000,0x00000000a0e3cc70,0x00000000a2900000)
 Metaspace       used 44654K, capacity 45714K, committed 46120K, reserved 1089536K
  class space    used 6025K, capacity 6317K, committed 6440K, reserved 1048576K
Event: 43.103 GC heap after
Heap after GC invocations=18 (full 2):
 PSYoungGen      total 143360K, used 7165K [0x00000000e0000000, 0x00000000ea380000, 0x0000000100000000)
  eden space 136192K, 0% used [0x00000000e0000000,0x00000000e0000000,0x00000000e8500000)
  from space 7168K, 99% used [0x00000000e9c80000,0x00000000ea37f4c8,0x00000000ea380000)
  to   space 10752K, 0% used [0x00000000e8e80000,0x00000000e8e80000,0x00000000e9900000)
 ParOldGen       total 41984K, used 20897K [0x00000000a0000000, 0x00000000a2900000, 0x00000000e0000000)
  object space 41984K, 49% used [0x00000000a0000000,0x00000000a14687b0,0x00000000a2900000)
 Metaspace       used 44654K, capacity 45714K, committed 46120K, reserved 1089536K
  class space    used 6025K, capacity 6317K, committed 6440K, reserved 1048576K
}
Event: 49.114 GC heap before
{Heap before GC invocations=19 (full 2):
 PSYoungGen      total 143360K, used 143357K [0x00000000e0000000, 0x00000000ea380000, 0x0000000100000000)
  eden space 136192K, 100% used [0x00000000e0000000,0x00000000e8500000,0x00000000e8500000)
  from space 7168K, 99% used [0x00000000e9c80000,0x00000000ea37f4c8,0x00000000ea380000)
  to   space 10752K, 0% used [0x00000000e8e80000,0x00000000e8e80000,0x00000000e9900000)
 ParOldGen       total 41984K, used 20897K [0x00000000a0000000, 0x00000000a2900000, 0x00000000e0000000)
  object space 41984K, 49% used [0x00000000a0000000,0x00000000a14687b0,0x00000000a2900000)
 Metaspace       used 55793K, capacity 57572K, committed 57896K, reserved 1099776K
  class space    used 7701K, capacity 8111K, committed 8232K, reserved 1048576K
Event: 49.172 GC heap after
Heap after GC invocations=19 (full 2):
 PSYoungGen      total 156672K, used 10746K [0x00000000e0000000, 0x00000000ec380000, 0x0000000100000000)
  eden space 145920K, 0% used [0x00000000e0000000,0x00000000e0000000,0x00000000e8e80000)
  from space 10752K, 99% used [0x00000000e8e80000,0x00000000e98fea08,0x00000000e9900000)
  to   space 16384K, 0% used [0x00000000eb380000,0x00000000eb380000,0x00000000ec380000)
 ParOldGen       total 41984K, used 31117K [0x00000000a0000000, 0x00000000a2900000, 0x00000000e0000000)
  object space 41984K, 74% used [0x00000000a0000000,0x00000000a1e637b0,0x00000000a2900000)
 Metaspace       used 55793K, capacity 57572K, committed 57896K, reserved 1099776K
  class space    used 7701K, capacity 8111K, committed 8232K, reserved 1048576K
}
Event: 50.259 GC heap before
{Heap before GC invocations=20 (full 2):
 PSYoungGen      total 156672K, used 34946K [0x00000000e0000000, 0x00000000ec380000, 0x0000000100000000)
  eden space 145920K, 16% used [0x00000000e0000000,0x00000000e17a1e20,0x00000000e8e80000)
  from space 10752K, 99% used [0x00000000e8e80000,0x00000000e98fea08,0x00000000e9900000)
  to   space 16384K, 0% used [0x00000000eb380000,0x00000000eb380000,0x00000000ec380000)
 ParOldGen       total 41984K, used 31117K [0x00000000a0000000, 0x00000000a2900000, 0x00000000e0000000)
  object space 41984K, 74% used [0x00000000a0000000,0x00000000a1e637b0,0x00000000a2900000)
 Metaspace       used 57163K, capacity 59094K, committed 59160K, reserved 1099776K
  class space    used 7930K, capacity 8428K, committed 8472K, reserved 1048576K
Event: 50.298 GC heap after
Heap after GC invocations=20 (full 2):
 PSYoungGen      total 162304K, used 3365K [0x00000000e0000000, 0x00000000ec380000, 0x0000000100000000)
  eden space 145920K, 0% used [0x00000000e0000000,0x00000000e0000000,0x00000000e8e80000)
  from space 16384K, 20% used [0x00000000eb380000,0x00000000eb6c9480,0x00000000ec380000)
  to   space 10752K, 0% used [0x00000000e8e80000,0x00000000e8e80000,0x00000000e9900000)
 ParOldGen       total 41984K, used 38549K [0x00000000a0000000, 0x00000000a2900000, 0x00000000e0000000)
  object space 41984K, 91% used [0x00000000a0000000,0x00000000a25a57c0,0x00000000a2900000)
 Metaspace       used 57163K, capacity 59094K, committed 59160K, reserved 1099776K
  class space    used 7930K, capacity 8428K, committed 8472K, reserved 1048576K
}
Event: 50.298 GC heap before
{Heap before GC invocations=21 (full 3):
 PSYoungGen      total 162304K, used 3365K [0x00000000e0000000, 0x00000000ec380000, 0x0000000100000000)
  eden space 145920K, 0% used [0x00000000e0000000,0x00000000e0000000,0x00000000e8e80000)
  from space 16384K, 20% used [0x00000000eb380000,0x00000000eb6c9480,0x00000000ec380000)
  to   space 10752K, 0% used [0x00000000e8e80000,0x00000000e8e80000,0x00000000e9900000)
 ParOldGen       total 41984K, used 38549K [0x00000000a0000000, 0x00000000a2900000, 0x00000000e0000000)
  object space 41984K, 91% used [0x00000000a0000000,0x00000000a25a57c0,0x00000000a2900000)
 Metaspace       used 57163K, capacity 59094K, committed 59160K, reserved 1099776K
  class space    used 7930K, capacity 8428K, committed 8472K, reserved 1048576K
Event: 50.810 GC heap after
Heap after GC invocations=21 (full 3):
 PSYoungGen      total 162304K, used 0K [0x00000000e0000000, 0x00000000ec380000, 0x0000000100000000)
  eden space 145920K, 0% used [0x00000000e0000000,0x00000000e0000000,0x00000000e8e80000)
  from space 16384K, 0% used [0x00000000eb380000,0x00000000eb380000,0x00000000ec380000)
  to   space 10752K, 0% used [0x00000000e8e80000,0x00000000e8e80000,0x00000000e9900000)
 ParOldGen       total 41984K, used 30536K [0x00000000a0000000, 0x00000000a2900000, 0x00000000e0000000)
  object space 41984K, 72% used [0x00000000a0000000,0x00000000a1dd2028,0x00000000a2900000)
 Metaspace       used 57082K, capacity 58882K, committed 59160K, reserved 1099776K
  class space    used 7903K, capacity 8380K, committed 8472K, reserved 1048576K
}

