# JRE version: OpenJDK Runtime Environment (8.0_212-b04) (build 1.8.0_212-release-1586-b04)
# Java VM: OpenJDK 64-Bit Server VM (25.212-b04 mixed mode windows-amd64 compressed oops)
Heap:
 PSYoungGen      total 158208K, used 16661K [0x00000000e0000000, 0x00000000eb180000, 0x0000000100000000)
  eden space 140288K, 11% used [0x00000000e0000000,0x00000000e1045788,0x00000000e8900000)
  from space 17920K, 0% used [0x00000000e8900000,0x00000000e8900000,0x00000000e9a80000)
  to   space 12800K, 0% used [0x00000000e9a80000,0x00000000e9a80000,0x00000000ea700000)
 ParOldGen       total 50688K, used 30217K [0x00000000a0000000, 0x00000000a3180000, 0x00000000e0000000)
  object space 50688K, 59% used [0x00000000a0000000,0x00000000a1d82678,0x00000000a3180000)
 Metaspace       used 57433K, capacity 59386K, committed 59736K, reserved 1099776K
  class space    used 7930K, capacity 8400K, committed 8536K, reserved 1048576K
GC Heap History (10 events):
Event: 35.311 GC heap before
{Heap before GC invocations=14 (full 2):
 PSYoungGen      total 130560K, used 3686K [0x00000000e0000000, 0x00000000e9300000, 0x0000000100000000)
  eden space 121344K, 0% used [0x00000000e0000000,0x00000000e0000000,0x00000000e7680000)
  from space 9216K, 40% used [0x00000000e7f80000,0x00000000e8319a38,0x00000000e8880000)
  to   space 9216K, 0% used [0x00000000e7680000,0x00000000e7680000,0x00000000e7f80000)
 ParOldGen       total 32256K, used 16071K [0x00000000a0000000, 0x00000000a1f80000, 0x00000000e0000000)
  object space 32256K, 49% used [0x00000000a0000000,0x00000000a0fb1e20,0x00000000a1f80000)
 Metaspace       used 34661K, capacity 35424K, committed 35456K, reserved 1079296K
  class space    used 4754K, capacity 4961K, committed 4992K, reserved 1048576K
Event: 35.774 GC heap after
Heap after GC invocations=14 (full 2):
 PSYoungGen      total 130560K, used 0K [0x00000000e0000000, 0x00000000e9300000, 0x0000000100000000)
  eden space 121344K, 0% used [0x00000000e0000000,0x00000000e0000000,0x00000000e7680000)
  from space 9216K, 0% used [0x00000000e7f80000,0x00000000e7f80000,0x00000000e8880000)
  to   space 9216K, 0% used [0x00000000e7680000,0x00000000e7680000,0x00000000e7f80000)
 ParOldGen       total 50688K, used 16007K [0x00000000a0000000, 0x00000000a3180000, 0x00000000e0000000)
  object space 50688K, 31% used [0x00000000a0000000,0x00000000a0fa1fc0,0x00000000a3180000)
 Metaspace       used 34657K, capacity 35412K, committed 35456K, reserved 1079296K
  class space    used 4753K, capacity 4959K, committed 4992K, reserved 1048576K
}
Event: 43.189 GC heap before
{Heap before GC invocations=15 (full 2):
 PSYoungGen      total 130560K, used 121344K [0x00000000e0000000, 0x00000000e9300000, 0x0000000100000000)
  eden space 121344K, 100% used [0x00000000e0000000,0x00000000e7680000,0x00000000e7680000)
  from space 9216K, 0% used [0x00000000e7f80000,0x00000000e7f80000,0x00000000e8880000)
  to   space 9216K, 0% used [0x00000000e7680000,0x00000000e7680000,0x00000000e7f80000)
 ParOldGen       total 50688K, used 16007K [0x00000000a0000000, 0x00000000a3180000, 0x00000000e0000000)
  object space 50688K, 31% used [0x00000000a0000000,0x00000000a0fa1fc0,0x00000000a3180000)
 Metaspace       used 47448K, capacity 48556K, committed 48640K, reserved 1091584K
  class space    used 6335K, capacity 6634K, committed 6656K, reserved 1048576K
Event: 43.231 GC heap after
Heap after GC invocations=15 (full 2):
 PSYoungGen      total 130560K, used 9195K [0x00000000e0000000, 0x00000000ea700000, 0x0000000100000000)
  eden space 121344K, 0% used [0x00000000e0000000,0x00000000e0000000,0x00000000e7680000)
  from space 9216K, 99% used [0x00000000e7680000,0x00000000e7f7aca8,0x00000000e7f80000)
  to   space 12800K, 0% used [0x00000000e9a80000,0x00000000e9a80000,0x00000000ea700000)
 ParOldGen       total 50688K, used 22707K [0x00000000a0000000, 0x00000000a3180000, 0x00000000e0000000)
  object space 50688K, 44% used [0x00000000a0000000,0x00000000a162ccf0,0x00000000a3180000)
 Metaspace       used 47448K, capacity 48556K, committed 48640K, reserved 1091584K
  class space    used 6335K, capacity 6634K, committed 6656K, reserved 1048576K
}
Event: 51.644 GC heap before
{Heap before GC invocations=16 (full 2):
 PSYoungGen      total 130560K, used 130539K [0x00000000e0000000, 0x00000000ea700000, 0x0000000100000000)
  eden space 121344K, 100% used [0x00000000e0000000,0x00000000e7680000,0x00000000e7680000)
  from space 9216K, 99% used [0x00000000e7680000,0x00000000e7f7aca8,0x00000000e7f80000)
  to   space 12800K, 0% used [0x00000000e9a80000,0x00000000e9a80000,0x00000000ea700000)
 ParOldGen       total 50688K, used 22707K [0x00000000a0000000, 0x00000000a3180000, 0x00000000e0000000)
  object space 50688K, 44% used [0x00000000a0000000,0x00000000a162ccf0,0x00000000a3180000)
 Metaspace       used 56207K, capacity 58062K, committed 58112K, reserved 1099776K
  class space    used 7737K, capacity 8162K, committed 8192K, reserved 1048576K
Event: 51.758 GC heap after
Heap after GC invocations=16 (full 2):
 PSYoungGen      total 153088K, used 12775K [0x00000000e0000000, 0x00000000eb180000, 0x0000000100000000)
  eden space 140288K, 0% used [0x00000000e0000000,0x00000000e0000000,0x00000000e8900000)
  from space 12800K, 99% used [0x00000000e9a80000,0x00000000ea6f9f20,0x00000000ea700000)
  to   space 17920K, 0% used [0x00000000e8900000,0x00000000e8900000,0x00000000e9a80000)
 ParOldGen       total 50688K, used 30969K [0x00000000a0000000, 0x00000000a3180000, 0x00000000e0000000)
  object space 50688K, 61% used [0x00000000a0000000,0x00000000a1e3e7f0,0x00000000a3180000)
 Metaspace       used 56207K, capacity 58062K, committed 58112K, reserved 1099776K
  class space    used 7737K, capacity 8162K, committed 8192K, reserved 1048576K
}
Event: 52.566 GC heap before
{Heap before GC invocations=17 (full 2):
 PSYoungGen      total 153088K, used 29398K [0x00000000e0000000, 0x00000000eb180000, 0x0000000100000000)
  eden space 140288K, 11% used [0x00000000e0000000,0x00000000e103bcc0,0x00000000e8900000)
  from space 12800K, 99% used [0x00000000e9a80000,0x00000000ea6f9f20,0x00000000ea700000)
  to   space 17920K, 0% used [0x00000000e8900000,0x00000000e8900000,0x00000000e9a80000)
 ParOldGen       total 50688K, used 30969K [0x00000000a0000000, 0x00000000a3180000, 0x00000000e0000000)
  object space 50688K, 61% used [0x00000000a0000000,0x00000000a1e3e7f0,0x00000000a3180000)
 Metaspace       used 57074K, capacity 58994K, committed 59096K, reserved 1099776K
  class space    used 7900K, capacity 8354K, committed 8408K, reserved 1048576K
Event: 52.602 GC heap after
Heap after GC invocations=17 (full 2):
 PSYoungGen      total 158208K, used 1946K [0x00000000e0000000, 0x00000000eb180000, 0x0000000100000000)
  eden space 140288K, 0% used [0x00000000e0000000,0x00000000e0000000,0x00000000e8900000)
  from space 17920K, 10% used [0x00000000e8900000,0x00000000e8ae69c8,0x00000000e9a80000)
  to   space 12800K, 0% used [0x00000000e9a80000,0x00000000e9a80000,0x00000000ea700000)
 ParOldGen       total 50688K, used 37651K [0x00000000a0000000, 0x00000000a3180000, 0x00000000e0000000)
  object space 50688K, 74% used [0x00000000a0000000,0x00000000a24c4f90,0x00000000a3180000)
 Metaspace       used 57074K, capacity 58994K, committed 59096K, reserved 1099776K
  class space    used 7900K, capacity 8354K, committed 8408K, reserved 1048576K
}
Event: 52.602 GC heap before
{Heap before GC invocations=18 (full 3):
 PSYoungGen      total 158208K, used 1946K [0x00000000e0000000, 0x00000000eb180000, 0x0000000100000000)
  eden space 140288K, 0% used [0x00000000e0000000,0x00000000e0000000,0x00000000e8900000)
  from space 17920K, 10% used [0x00000000e8900000,0x00000000e8ae69c8,0x00000000e9a80000)
  to   space 12800K, 0% used [0x00000000e9a80000,0x00000000e9a80000,0x00000000ea700000)
 ParOldGen       total 50688K, used 37651K [0x00000000a0000000, 0x00000000a3180000, 0x00000000e0000000)
  object space 50688K, 74% used [0x00000000a0000000,0x00000000a24c4f90,0x00000000a3180000)
 Metaspace       used 57074K, capacity 58994K, committed 59096K, reserved 1099776K
  class space    used 7900K, capacity 8354K, committed 8408K, reserved 1048576K
Event: 53.174 GC heap after
Heap after GC invocations=18 (full 3):
 PSYoungGen      total 158208K, used 0K [0x00000000e0000000, 0x00000000eb180000, 0x0000000100000000)
  eden space 140288K, 0% used [0x00000000e0000000,0x00000000e0000000,0x00000000e8900000)
  from space 17920K, 0% used [0x00000000e8900000,0x00000000e8900000,0x00000000e9a80000)
  to   space 12800K, 0% used [0x00000000e9a80000,0x00000000e9a80000,0x00000000ea700000)
 ParOldGen       total 50688K, used 30217K [0x00000000a0000000, 0x00000000a3180000, 0x00000000e0000000)
  object space 50688K, 59% used [0x00000000a0000000,0x00000000a1d82678,0x00000000a3180000)
 Metaspace       used 57003K, capacity 58798K, committed 59096K, reserved 1099776K
  class space    used 7877K, capacity 8312K, committed 8408K, reserved 1048576K
}

