# JRE version: OpenJDK Runtime Environment (8.0_212-b04) (build 1.8.0_212-release-1586-b04)
# Java VM: OpenJDK 64-Bit Server VM (25.212-b04 mixed mode windows-amd64 compressed oops)
Heap:
 PSYoungGen      total 18944K, used 4335K [0x00000000e0000000, 0x00000000e1800000, 0x0000000100000000)
  eden space 13824K, 16% used [0x00000000e0000000,0x00000000e0241540,0x00000000e0d80000)
  from space 5120K, 39% used [0x00000000e0d80000,0x00000000e0f7a8d8,0x00000000e1280000)
  to   space 4608K, 0% used [0x00000000e1280000,0x00000000e1280000,0x00000000e1700000)
 ParOldGen       total 38400K, used 6614K [0x00000000a0000000, 0x00000000a2580000, 0x00000000e0000000)
  object space 38400K, 17% used [0x00000000a0000000,0x00000000a06759c0,0x00000000a2580000)
 Metaspace       used 14985K, capacity 15386K, committed 15616K, reserved 1062912K
  class space    used 2106K, capacity 2233K, committed 2304K, reserved 1048576K
GC Heap History (10 events):
Event: 5.193 GC heap before
{Heap before GC invocations=5 (full 0):
 PSYoungGen      total 16896K, used 16864K [0x00000000e0000000, 0x00000000e1280000, 0x0000000100000000)
  eden space 14848K, 100% used [0x00000000e0000000,0x00000000e0e80000,0x00000000e0e80000)
  from space 2048K, 98% used [0x00000000e1080000,0x00000000e1278020,0x00000000e1280000)
  to   space 2048K, 0% used [0x00000000e0e80000,0x00000000e0e80000,0x00000000e1080000)
 ParOldGen       total 38400K, used 2546K [0x00000000a0000000, 0x00000000a2580000, 0x00000000e0000000)
  object space 38400K, 6% used [0x00000000a0000000,0x00000000a027c9c8,0x00000000a2580000)
 Metaspace       used 8050K, capacity 8276K, committed 8576K, reserved 1056768K
  class space    used 1025K, capacity 1079K, committed 1152K, reserved 1048576K
Event: 5.200 GC heap after
Heap after GC invocations=5 (full 0):
 PSYoungGen      total 16896K, used 2032K [0x00000000e0000000, 0x00000000e1680000, 0x0000000100000000)
  eden space 14848K, 0% used [0x00000000e0000000,0x00000000e0000000,0x00000000e0e80000)
  from space 2048K, 99% used [0x00000000e0e80000,0x00000000e107c030,0x00000000e1080000)
  to   space 4096K, 0% used [0x00000000e1280000,0x00000000e1280000,0x00000000e1680000)
 ParOldGen       total 38400K, used 3682K [0x00000000a0000000, 0x00000000a2580000, 0x00000000e0000000)
  object space 38400K, 9% used [0x00000000a0000000,0x00000000a03989b8,0x00000000a2580000)
 Metaspace       used 8050K, capacity 8276K, committed 8576K, reserved 1056768K
  class space    used 1025K, capacity 1079K, committed 1152K, reserved 1048576K
}
Event: 18.148 GC heap before
{Heap before GC invocations=6 (full 0):
 PSYoungGen      total 16896K, used 16880K [0x00000000e0000000, 0x00000000e1680000, 0x0000000100000000)
  eden space 14848K, 100% used [0x00000000e0000000,0x00000000e0e80000,0x00000000e0e80000)
  from space 2048K, 99% used [0x00000000e0e80000,0x00000000e107c030,0x00000000e1080000)
  to   space 4096K, 0% used [0x00000000e1280000,0x00000000e1280000,0x00000000e1680000)
 ParOldGen       total 38400K, used 3682K [0x00000000a0000000, 0x00000000a2580000, 0x00000000e0000000)
  object space 38400K, 9% used [0x00000000a0000000,0x00000000a03989b8,0x00000000a2580000)
 Metaspace       used 11710K, capacity 12046K, committed 12160K, reserved 1060864K
  class space    used 1544K, capacity 1643K, committed 1664K, reserved 1048576K
Event: 18.162 GC heap after
Heap after GC invocations=6 (full 0):
 PSYoungGen      total 18432K, used 4084K [0x00000000e0000000, 0x00000000e1780000, 0x0000000100000000)
  eden space 14336K, 0% used [0x00000000e0000000,0x00000000e0000000,0x00000000e0e00000)
  from space 4096K, 99% used [0x00000000e1280000,0x00000000e167d090,0x00000000e1680000)
  to   space 4608K, 0% used [0x00000000e0e00000,0x00000000e0e00000,0x00000000e1280000)
 ParOldGen       total 38400K, used 3773K [0x00000000a0000000, 0x00000000a2580000, 0x00000000e0000000)
  object space 38400K, 9% used [0x00000000a0000000,0x00000000a03af5a0,0x00000000a2580000)
 Metaspace       used 11710K, capacity 12046K, committed 12160K, reserved 1060864K
  class space    used 1544K, capacity 1643K, committed 1664K, reserved 1048576K
}
Event: 19.480 GC heap before
{Heap before GC invocations=7 (full 0):
 PSYoungGen      total 18432K, used 18420K [0x00000000e0000000, 0x00000000e1780000, 0x0000000100000000)
  eden space 14336K, 100% used [0x00000000e0000000,0x00000000e0e00000,0x00000000e0e00000)
  from space 4096K, 99% used [0x00000000e1280000,0x00000000e167d090,0x00000000e1680000)
  to   space 4608K, 0% used [0x00000000e0e00000,0x00000000e0e00000,0x00000000e1280000)
 ParOldGen       total 38400K, used 3773K [0x00000000a0000000, 0x00000000a2580000, 0x00000000e0000000)
  object space 38400K, 9% used [0x00000000a0000000,0x00000000a03af5a0,0x00000000a2580000)
 Metaspace       used 12689K, capacity 13062K, committed 13184K, reserved 1060864K
  class space    used 1722K, capacity 1839K, committed 1920K, reserved 1048576K
Event: 19.500 GC heap after
Heap after GC invocations=7 (full 0):
 PSYoungGen      total 18944K, used 3313K [0x00000000e0000000, 0x00000000e1700000, 0x0000000100000000)
  eden space 14336K, 0% used [0x00000000e0000000,0x00000000e0000000,0x00000000e0e00000)
  from space 4608K, 71% used [0x00000000e0e00000,0x00000000e113c788,0x00000000e1280000)
  to   space 4608K, 0% used [0x00000000e1280000,0x00000000e1280000,0x00000000e1700000)
 ParOldGen       total 38400K, used 4869K [0x00000000a0000000, 0x00000000a2580000, 0x00000000e0000000)
  object space 38400K, 12% used [0x00000000a0000000,0x00000000a04c15e0,0x00000000a2580000)
 Metaspace       used 12689K, capacity 13062K, committed 13184K, reserved 1060864K
  class space    used 1722K, capacity 1839K, committed 1920K, reserved 1048576K
}
Event: 20.919 GC heap before
{Heap before GC invocations=8 (full 0):
 PSYoungGen      total 18944K, used 17649K [0x00000000e0000000, 0x00000000e1700000, 0x0000000100000000)
  eden space 14336K, 100% used [0x00000000e0000000,0x00000000e0e00000,0x00000000e0e00000)
  from space 4608K, 71% used [0x00000000e0e00000,0x00000000e113c788,0x00000000e1280000)
  to   space 4608K, 0% used [0x00000000e1280000,0x00000000e1280000,0x00000000e1700000)
 ParOldGen       total 38400K, used 4869K [0x00000000a0000000, 0x00000000a2580000, 0x00000000e0000000)
  object space 38400K, 12% used [0x00000000a0000000,0x00000000a04c15e0,0x00000000a2580000)
 Metaspace       used 14300K, capacity 14668K, committed 14976K, reserved 1062912K
  class space    used 1973K, capacity 2098K, committed 2176K, reserved 1048576K
Event: 20.929 GC heap after
Heap after GC invocations=8 (full 0):
 PSYoungGen      total 18432K, used 4002K [0x00000000e0000000, 0x00000000e1800000, 0x0000000100000000)
  eden space 13824K, 0% used [0x00000000e0000000,0x00000000e0000000,0x00000000e0d80000)
  from space 4608K, 86% used [0x00000000e1280000,0x00000000e1668800,0x00000000e1700000)
  to   space 5120K, 0% used [0x00000000e0d80000,0x00000000e0d80000,0x00000000e1280000)
 ParOldGen       total 38400K, used 5333K [0x00000000a0000000, 0x00000000a2580000, 0x00000000e0000000)
  object space 38400K, 13% used [0x00000000a0000000,0x00000000a05355e0,0x00000000a2580000)
 Metaspace       used 14300K, capacity 14668K, committed 14976K, reserved 1062912K
  class space    used 1973K, capacity 2098K, committed 2176K, reserved 1048576K
}
Event: 21.459 GC heap before
{Heap before GC invocations=9 (full 0):
 PSYoungGen      total 18432K, used 17826K [0x00000000e0000000, 0x00000000e1800000, 0x0000000100000000)
  eden space 13824K, 100% used [0x00000000e0000000,0x00000000e0d80000,0x00000000e0d80000)
  from space 4608K, 86% used [0x00000000e1280000,0x00000000e1668800,0x00000000e1700000)
  to   space 5120K, 0% used [0x00000000e0d80000,0x00000000e0d80000,0x00000000e1280000)
 ParOldGen       total 38400K, used 5333K [0x00000000a0000000, 0x00000000a2580000, 0x00000000e0000000)
  object space 38400K, 13% used [0x00000000a0000000,0x00000000a05355e0,0x00000000a2580000)
 Metaspace       used 14807K, capacity 15154K, committed 15360K, reserved 1062912K
  class space    used 2078K, capacity 2197K, committed 2304K, reserved 1048576K
Event: 21.470 GC heap after
Heap after GC invocations=9 (full 0):
 PSYoungGen      total 18944K, used 2026K [0x00000000e0000000, 0x00000000e1800000, 0x0000000100000000)
  eden space 13824K, 0% used [0x00000000e0000000,0x00000000e0000000,0x00000000e0d80000)
  from space 5120K, 39% used [0x00000000e0d80000,0x00000000e0f7a8d8,0x00000000e1280000)
  to   space 4608K, 0% used [0x00000000e1280000,0x00000000e1280000,0x00000000e1700000)
 ParOldGen       total 38400K, used 6614K [0x00000000a0000000, 0x00000000a2580000, 0x00000000e0000000)
  object space 38400K, 17% used [0x00000000a0000000,0x00000000a06759c0,0x00000000a2580000)
 Metaspace       used 14807K, capacity 15154K, committed 15360K, reserved 1062912K
  class space    used 2078K, capacity 2197K, committed 2304K, reserved 1048576K
}

